2024-07-25 03:41:17.4084|INFO|Web.Api.Data.WebDbContext|Migrating database associated with context WebDbContext
2024-07-25 03:41:18.9889|WARN|Microsoft.EntityFrameworkCore.Model.Validation|No store type was specified for the decimal property 'Discount' on entity type 'ItemProduct'. This will cause values to be silently truncated if they do not fit in the default precision and scale. Explicitly specify the SQL server column type that can accommodate all the values in 'OnModelCreating' using 'HasColumnType', specify precision and scale using 'HasPrecision', or configure a value converter using 'HasConversion'.
2024-07-25 03:41:18.9961|WARN|Microsoft.EntityFrameworkCore.Model.Validation|No store type was specified for the decimal property 'Price' on entity type 'ItemProduct'. This will cause values to be silently truncated if they do not fit in the default precision and scale. Explicitly specify the SQL server column type that can accommodate all the values in 'OnModelCreating' using 'HasColumnType', specify precision and scale using 'HasPrecision', or configure a value converter using 'HasConversion'.
2024-07-25 03:41:18.9961|WARN|Microsoft.EntityFrameworkCore.Model.Validation|No store type was specified for the decimal property 'Price' on entity type 'ItemProductAddOn'. This will cause values to be silently truncated if they do not fit in the default precision and scale. Explicitly specify the SQL server column type that can accommodate all the values in 'OnModelCreating' using 'HasColumnType', specify precision and scale using 'HasPrecision', or configure a value converter using 'HasConversion'.
2024-07-25 03:41:18.9961|WARN|Microsoft.EntityFrameworkCore.Model.Validation|No store type was specified for the decimal property 'Price' on entity type 'ItemProductGroupon'. This will cause values to be silently truncated if they do not fit in the default precision and scale. Explicitly specify the SQL server column type that can accommodate all the values in 'OnModelCreating' using 'HasColumnType', specify precision and scale using 'HasPrecision', or configure a value converter using 'HasConversion'.
2024-07-25 03:41:18.9961|WARN|Microsoft.EntityFrameworkCore.Model.Validation|No store type was specified for the decimal property 'DeliveryFee' on entity type 'OrderDelivery'. This will cause values to be silently truncated if they do not fit in the default precision and scale. Explicitly specify the SQL server column type that can accommodate all the values in 'OnModelCreating' using 'HasColumnType', specify precision and scale using 'HasPrecision', or configure a value converter using 'HasConversion'.
2024-07-25 03:41:18.9961|WARN|Microsoft.EntityFrameworkCore.Model.Validation|No store type was specified for the decimal property 'Price' on entity type 'OrderProduct'. This will cause values to be silently truncated if they do not fit in the default precision and scale. Explicitly specify the SQL server column type that can accommodate all the values in 'OnModelCreating' using 'HasColumnType', specify precision and scale using 'HasPrecision', or configure a value converter using 'HasConversion'.
2024-07-25 03:41:18.9961|WARN|Microsoft.EntityFrameworkCore.Model.Validation|No store type was specified for the decimal property 'TotalPrice' on entity type 'WarehouseInput'. This will cause values to be silently truncated if they do not fit in the default precision and scale. Explicitly specify the SQL server column type that can accommodate all the values in 'OnModelCreating' using 'HasColumnType', specify precision and scale using 'HasPrecision', or configure a value converter using 'HasConversion'.
2024-07-25 03:41:18.9961|WARN|Microsoft.EntityFrameworkCore.Model.Validation|No store type was specified for the decimal property 'Price' on entity type 'WarehouseInputProduct'. This will cause values to be silently truncated if they do not fit in the default precision and scale. Explicitly specify the SQL server column type that can accommodate all the values in 'OnModelCreating' using 'HasColumnType', specify precision and scale using 'HasPrecision', or configure a value converter using 'HasConversion'.
2024-07-25 03:41:18.9961|WARN|Microsoft.EntityFrameworkCore.Model.Validation|No store type was specified for the decimal property 'Price' on entity type 'WarehouseOutputProductDetail'. This will cause values to be silently truncated if they do not fit in the default precision and scale. Explicitly specify the SQL server column type that can accommodate all the values in 'OnModelCreating' using 'HasColumnType', specify precision and scale using 'HasPrecision', or configure a value converter using 'HasConversion'.
2024-07-25 03:41:21.2376|INFO|Microsoft.EntityFrameworkCore.Database.Command|Executed DbCommand (42ms) [Parameters=[], CommandType='Text', CommandTimeout='30']
SELECT 1
2024-07-25 03:41:21.2761|INFO|Microsoft.EntityFrameworkCore.Database.Command|Executed DbCommand (26ms) [Parameters=[], CommandType='Text', CommandTimeout='30']
SELECT OBJECT_ID(N'[__EFMigrationsHistory]');
2024-07-25 03:41:21.2883|INFO|Microsoft.EntityFrameworkCore.Database.Command|Executed DbCommand (11ms) [Parameters=[], CommandType='Text', CommandTimeout='30']
SELECT 1
2024-07-25 03:41:21.2997|INFO|Microsoft.EntityFrameworkCore.Database.Command|Executed DbCommand (11ms) [Parameters=[], CommandType='Text', CommandTimeout='30']
SELECT OBJECT_ID(N'[__EFMigrationsHistory]');
2024-07-25 03:41:21.3412|INFO|Microsoft.EntityFrameworkCore.Database.Command|Executed DbCommand (16ms) [Parameters=[], CommandType='Text', CommandTimeout='30']
SELECT [MigrationId], [ProductVersion]
FROM [__EFMigrationsHistory]
ORDER BY [MigrationId];
2024-07-25 03:41:21.7584|INFO|Microsoft.EntityFrameworkCore.Migrations|No migrations were applied. The database is already up to date.
2024-07-25 03:41:22.2024|INFO|Microsoft.EntityFrameworkCore.Database.Command|Executed DbCommand (81ms) [Parameters=[], CommandType='Text', CommandTimeout='30']
SELECT CASE
    WHEN EXISTS (
        SELECT 1
        FROM [Languages] AS [l]) THEN CAST(1 AS bit)
    ELSE CAST(0 AS bit)
END
2024-07-25 03:41:22.3016|INFO|Microsoft.EntityFrameworkCore.Database.Command|Executed DbCommand (93ms) [Parameters=[], CommandType='Text', CommandTimeout='30']
SELECT CASE
    WHEN EXISTS (
        SELECT 1
        FROM [Companies] AS [c]) THEN CAST(1 AS bit)
    ELSE CAST(0 AS bit)
END
2024-07-25 03:41:22.3724|INFO|Microsoft.EntityFrameworkCore.Database.Command|Executed DbCommand (66ms) [Parameters=[], CommandType='Text', CommandTimeout='30']
SELECT CASE
    WHEN EXISTS (
        SELECT 1
        FROM [AspNetUsers] AS [a]) THEN CAST(1 AS bit)
    ELSE CAST(0 AS bit)
END
2024-07-25 03:41:22.4493|INFO|Microsoft.EntityFrameworkCore.Database.Command|Executed DbCommand (35ms) [Parameters=[], CommandType='Text', CommandTimeout='30']
SELECT CASE
    WHEN EXISTS (
        SELECT 1
        FROM [AspNetRoles] AS [a]
        WHERE [a].[Name] = N'Product') THEN CAST(1 AS bit)
    ELSE CAST(0 AS bit)
END
2024-07-25 03:41:22.4883|INFO|Microsoft.EntityFrameworkCore.Database.Command|Executed DbCommand (36ms) [Parameters=[], CommandType='Text', CommandTimeout='30']
SELECT CASE
    WHEN EXISTS (
        SELECT 1
        FROM [AspNetRoles] AS [a]
        WHERE [a].[Name] = N'Admin') THEN CAST(1 AS bit)
    ELSE CAST(0 AS bit)
END
2024-07-25 03:41:22.8426|INFO|Microsoft.EntityFrameworkCore.Database.Command|Executed DbCommand (351ms) [Parameters=[], CommandType='Text', CommandTimeout='30']
SELECT CASE
    WHEN EXISTS (
        SELECT 1
        FROM [AspNetRoles] AS [a]
        WHERE [a].[Name] = N'Document') THEN CAST(1 AS bit)
    ELSE CAST(0 AS bit)
END
2024-07-25 03:41:22.9363|INFO|Microsoft.EntityFrameworkCore.Database.Command|Executed DbCommand (85ms) [Parameters=[], CommandType='Text', CommandTimeout='30']
SELECT CASE
    WHEN EXISTS (
        SELECT 1
        FROM [AspNetRoles] AS [a]
        WHERE [a].[Name] = N'Video') THEN CAST(1 AS bit)
    ELSE CAST(0 AS bit)
END
2024-07-25 03:41:22.9972|INFO|Microsoft.EntityFrameworkCore.Database.Command|Executed DbCommand (59ms) [Parameters=[], CommandType='Text', CommandTimeout='30']
SELECT CASE
    WHEN EXISTS (
        SELECT 1
        FROM [AspNetRoles] AS [a]
        WHERE [a].[Name] = N'Picture') THEN CAST(1 AS bit)
    ELSE CAST(0 AS bit)
END
2024-07-25 03:41:23.0118|INFO|Microsoft.EntityFrameworkCore.Database.Command|Executed DbCommand (11ms) [Parameters=[], CommandType='Text', CommandTimeout='30']
SELECT CASE
    WHEN EXISTS (
        SELECT 1
        FROM [AspNetRoles] AS [a]
        WHERE [a].[Name] = N'Audio') THEN CAST(1 AS bit)
    ELSE CAST(0 AS bit)
END
2024-07-25 03:41:23.0238|INFO|Microsoft.EntityFrameworkCore.Database.Command|Executed DbCommand (10ms) [Parameters=[], CommandType='Text', CommandTimeout='30']
SELECT CASE
    WHEN EXISTS (
        SELECT 1
        FROM [AspNetRoles] AS [a]
        WHERE [a].[Name] = N'Event') THEN CAST(1 AS bit)
    ELSE CAST(0 AS bit)
END
2024-07-25 03:41:23.0238|INFO|Web.Api.Data.WebDbContext|Migrated database associated with context WebDbContext
2024-07-25 03:41:23.5072|INFO|Microsoft.AspNetCore.DataProtection.KeyManagement.XmlKeyManager|User profile is available. Using 'C:\Users\itel\AppData\Local\ASP.NET\DataProtection-Keys' as key repository and Windows DPAPI to encrypt keys at rest.
2024-07-25 03:41:24.1829|INFO|Microsoft.Hosting.Lifetime|Now listening on: https://localhost:7040
2024-07-25 03:41:24.1829|INFO|Microsoft.Hosting.Lifetime|Now listening on: http://localhost:5078
2024-07-25 03:41:24.1829|INFO|Microsoft.Hosting.Lifetime|Application started. Press Ctrl+C to shut down.
2024-07-25 03:41:24.1829|INFO|Microsoft.Hosting.Lifetime|Hosting environment: Development
2024-07-25 03:41:24.1829|INFO|Microsoft.Hosting.Lifetime|Content root path: D:\Working\DybiWeb\DybiCMS\Web.Api
2024-07-25 03:41:31.9747|INFO|Microsoft.AspNetCore.Hosting.Diagnostics|Request starting HTTP/2 GET https://localhost:7040/swagger/index.html - -
2024-07-25 03:41:32.3933|INFO|Microsoft.AspNetCore.Hosting.Diagnostics|Request finished HTTP/2 GET https://localhost:7040/swagger/index.html - - - 200 - text/html;charset=utf-8 421.3640ms
2024-07-25 03:41:32.9753|INFO|Microsoft.AspNetCore.Hosting.Diagnostics|Request starting HTTP/2 GET https://localhost:7040/_vs/browserLink - -
2024-07-25 03:41:32.9753|INFO|Microsoft.AspNetCore.Hosting.Diagnostics|Request starting HTTP/2 GET https://localhost:7040/_framework/aspnetcore-browser-refresh.js - -
2024-07-25 03:41:32.9836|INFO|Microsoft.AspNetCore.Hosting.Diagnostics|Request finished HTTP/2 GET https://localhost:7040/_framework/aspnetcore-browser-refresh.js - - - 200 13750 application/javascript;+charset=utf-8 8.1594ms
2024-07-25 03:41:33.6238|INFO|Microsoft.AspNetCore.Hosting.Diagnostics|Request finished HTTP/2 GET https://localhost:7040/_vs/browserLink - - - 200 - text/javascript;+charset=UTF-8 648.5617ms
2024-07-25 03:41:33.6711|INFO|Microsoft.AspNetCore.Hosting.Diagnostics|Request starting HTTP/2 GET https://localhost:7040/swagger/v1/swagger.json - -
2024-07-25 03:41:33.9070|INFO|Microsoft.AspNetCore.Hosting.Diagnostics|Request finished HTTP/2 GET https://localhost:7040/swagger/v1/swagger.json - - - 200 - application/json;charset=utf-8 235.8267ms
2024-07-25 03:44:45.7683|INFO|Microsoft.AspNetCore.Hosting.Diagnostics|Request starting HTTP/1.1 GET https://localhost:7040/api/orders/news?pageNumber=1&pageSize=0 - -
2024-07-25 03:44:48.0715|INFO|Microsoft.AspNetCore.Authentication.JwtBearer.JwtBearerHandler|Failed to validate the token.|Microsoft.IdentityModel.Tokens.SecurityTokenInvalidIssuerException: IDX10205: Issuer validation failed. Issuer: '[PII of type 'System.String' is hidden. For more details, see https://aka.ms/IdentityModel/PII.]'. Did not match: validationParameters.ValidIssuer: '[PII of type 'System.String' is hidden. For more details, see https://aka.ms/IdentityModel/PII.]' or validationParameters.ValidIssuers: '[PII of type 'System.String' is hidden. For more details, see https://aka.ms/IdentityModel/PII.]'. For more details, see https://aka.ms/IdentityModel/issuer-validation. 
   at Microsoft.IdentityModel.Tokens.Validators.ValidateIssuer(String issuer, SecurityToken securityToken, TokenValidationParameters validationParameters, BaseConfiguration configuration)
   at Microsoft.IdentityModel.Tokens.Validators.ValidateIssuer(String issuer, SecurityToken securityToken, TokenValidationParameters validationParameters)
   at System.IdentityModel.Tokens.Jwt.JwtSecurityTokenHandler.ValidateIssuer(String issuer, JwtSecurityToken jwtToken, TokenValidationParameters validationParameters)
   at System.IdentityModel.Tokens.Jwt.JwtSecurityTokenHandler.ValidateTokenPayload(JwtSecurityToken jwtToken, TokenValidationParameters validationParameters, BaseConfiguration configuration)
   at System.IdentityModel.Tokens.Jwt.JwtSecurityTokenHandler.ValidateJWS(String token, TokenValidationParameters validationParameters, BaseConfiguration currentConfiguration, SecurityToken& signatureValidatedToken, ExceptionDispatchInfo& exceptionThrown)
--- End of stack trace from previous location ---
   at System.IdentityModel.Tokens.Jwt.JwtSecurityTokenHandler.ValidateToken(String token, JwtSecurityToken outerToken, TokenValidationParameters validationParameters, SecurityToken& signatureValidatedToken)
   at System.IdentityModel.Tokens.Jwt.JwtSecurityTokenHandler.ValidateToken(String token, TokenValidationParameters validationParameters, SecurityToken& validatedToken)
   at Microsoft.AspNetCore.Authentication.JwtBearer.JwtBearerHandler.HandleAuthenticateAsync()
2024-07-25 03:44:49.1692|INFO|Microsoft.AspNetCore.Authentication.JwtBearer.JwtBearerHandler|Bearer was not authenticated. Failure message: IDX10205: Issuer validation failed. Issuer: '[PII of type 'System.String' is hidden. For more details, see https://aka.ms/IdentityModel/PII.]'. Did not match: validationParameters.ValidIssuer: '[PII of type 'System.String' is hidden. For more details, see https://aka.ms/IdentityModel/PII.]' or validationParameters.ValidIssuers: '[PII of type 'System.String' is hidden. For more details, see https://aka.ms/IdentityModel/PII.]'. For more details, see https://aka.ms/IdentityModel/issuer-validation. 
2024-07-25 03:44:49.1908|INFO|Microsoft.AspNetCore.Authorization.DefaultAuthorizationService|Authorization failed. These requirements were not met:
DenyAnonymousAuthorizationRequirement: Requires an authenticated user.
2024-07-25 03:44:49.2102|INFO|Microsoft.AspNetCore.Authentication.JwtBearer.JwtBearerHandler|AuthenticationScheme: Bearer was challenged.
2024-07-25 03:44:49.2225|INFO|Microsoft.AspNetCore.Hosting.Diagnostics|Request finished HTTP/1.1 GET https://localhost:7040/api/orders/news?pageNumber=1&pageSize=0 - - - 0 - - 3473.7797ms
2024-07-25 03:45:10.0706|INFO|Microsoft.AspNetCore.Hosting.Diagnostics|Request starting HTTP/1.1 GET https://localhost:7040/api/orders/news?pageNumber=1&pageSize=0 - -
2024-07-25 03:45:10.0793|INFO|Microsoft.AspNetCore.Authentication.JwtBearer.JwtBearerHandler|Failed to validate the token.|Microsoft.IdentityModel.Tokens.SecurityTokenInvalidIssuerException: IDX10205: Issuer validation failed. Issuer: '[PII of type 'System.String' is hidden. For more details, see https://aka.ms/IdentityModel/PII.]'. Did not match: validationParameters.ValidIssuer: '[PII of type 'System.String' is hidden. For more details, see https://aka.ms/IdentityModel/PII.]' or validationParameters.ValidIssuers: '[PII of type 'System.String' is hidden. For more details, see https://aka.ms/IdentityModel/PII.]'. For more details, see https://aka.ms/IdentityModel/issuer-validation. 
   at Microsoft.IdentityModel.Tokens.Validators.ValidateIssuer(String issuer, SecurityToken securityToken, TokenValidationParameters validationParameters, BaseConfiguration configuration)
   at Microsoft.IdentityModel.Tokens.Validators.ValidateIssuer(String issuer, SecurityToken securityToken, TokenValidationParameters validationParameters)
   at System.IdentityModel.Tokens.Jwt.JwtSecurityTokenHandler.ValidateIssuer(String issuer, JwtSecurityToken jwtToken, TokenValidationParameters validationParameters)
   at System.IdentityModel.Tokens.Jwt.JwtSecurityTokenHandler.ValidateTokenPayload(JwtSecurityToken jwtToken, TokenValidationParameters validationParameters, BaseConfiguration configuration)
   at System.IdentityModel.Tokens.Jwt.JwtSecurityTokenHandler.ValidateJWS(String token, TokenValidationParameters validationParameters, BaseConfiguration currentConfiguration, SecurityToken& signatureValidatedToken, ExceptionDispatchInfo& exceptionThrown)
--- End of stack trace from previous location ---
   at System.IdentityModel.Tokens.Jwt.JwtSecurityTokenHandler.ValidateToken(String token, JwtSecurityToken outerToken, TokenValidationParameters validationParameters, SecurityToken& signatureValidatedToken)
   at System.IdentityModel.Tokens.Jwt.JwtSecurityTokenHandler.ValidateToken(String token, TokenValidationParameters validationParameters, SecurityToken& validatedToken)
   at Microsoft.AspNetCore.Authentication.JwtBearer.JwtBearerHandler.HandleAuthenticateAsync()
2024-07-25 03:45:10.0793|INFO|Microsoft.AspNetCore.Authentication.JwtBearer.JwtBearerHandler|Bearer was not authenticated. Failure message: IDX10205: Issuer validation failed. Issuer: '[PII of type 'System.String' is hidden. For more details, see https://aka.ms/IdentityModel/PII.]'. Did not match: validationParameters.ValidIssuer: '[PII of type 'System.String' is hidden. For more details, see https://aka.ms/IdentityModel/PII.]' or validationParameters.ValidIssuers: '[PII of type 'System.String' is hidden. For more details, see https://aka.ms/IdentityModel/PII.]'. For more details, see https://aka.ms/IdentityModel/issuer-validation. 
2024-07-25 03:45:10.0793|INFO|Microsoft.AspNetCore.Authorization.DefaultAuthorizationService|Authorization failed. These requirements were not met:
DenyAnonymousAuthorizationRequirement: Requires an authenticated user.
2024-07-25 03:45:10.0793|INFO|Microsoft.AspNetCore.Authentication.JwtBearer.JwtBearerHandler|AuthenticationScheme: Bearer was challenged.
2024-07-25 03:45:10.1833|INFO|Microsoft.AspNetCore.Hosting.Diagnostics|Request finished HTTP/1.1 GET https://localhost:7040/api/orders/news?pageNumber=1&pageSize=0 - - - 401 0 - 112.6268ms
2024-07-25 03:45:29.9589|INFO|Microsoft.AspNetCore.Hosting.Diagnostics|Request starting HTTP/1.1 POST https://localhost:7040/api/login application/json;+charset=utf-8 -
2024-07-25 03:45:29.9832|INFO|Microsoft.AspNetCore.Routing.EndpointMiddleware|Executing endpoint 'Web.Api.Controllers.LoginController.Login (Web.Api)'
2024-07-25 03:45:30.1478|INFO|Microsoft.AspNetCore.Mvc.Infrastructure.ControllerActionInvoker|Route matched with {action = "Login", controller = "Login"}. Executing controller action with signature System.Threading.Tasks.Task`1[Microsoft.AspNetCore.Mvc.IActionResult] Login(Web.Models.LoginRequest) on controller Web.Api.Controllers.LoginController (Web.Api).
2024-07-25 03:45:30.7234|INFO|Microsoft.EntityFrameworkCore.Database.Command|Executed DbCommand (134ms) [Parameters=[@__normalizedUserName_0='?' (Size = 256)], CommandType='Text', CommandTimeout='30']
SELECT TOP(1) [a].[Id], [a].[AccessFailedCount], [a].[CompanyId], [a].[ConcurrencyStamp], [a].[Email], [a].[EmailConfirmed], [a].[FirstName], [a].[LastName], [a].[LockoutEnabled], [a].[LockoutEnd], [a].[NormalizedEmail], [a].[NormalizedUserName], [a].[PasswordHash], [a].[PhoneNumber], [a].[PhoneNumberConfirmed], [a].[SecurityStamp], [a].[TwoFactorEnabled], [a].[UserName]
FROM [AspNetUsers] AS [a]
WHERE [a].[NormalizedUserName] = @__normalizedUserName_0
2024-07-25 03:45:30.7496|INFO|Microsoft.AspNetCore.Mvc.Infrastructure.ObjectResultExecutor|Executing BadRequestObjectResult, writing value of type 'Web.Models.LoginResponse'.
2024-07-25 03:45:30.7613|INFO|Microsoft.AspNetCore.Mvc.Infrastructure.ControllerActionInvoker|Executed action Web.Api.Controllers.LoginController.Login (Web.Api) in 608.9996ms
2024-07-25 03:45:30.7613|INFO|Microsoft.AspNetCore.Routing.EndpointMiddleware|Executed endpoint 'Web.Api.Controllers.LoginController.Login (Web.Api)'
2024-07-25 03:45:30.7613|INFO|Microsoft.AspNetCore.Hosting.Diagnostics|Request finished HTTP/1.1 POST https://localhost:7040/api/login application/json;+charset=utf-8 - - 400 - application/json;+charset=utf-8 810.2044ms
2024-07-25 03:45:38.0783|INFO|Microsoft.AspNetCore.Hosting.Diagnostics|Request starting HTTP/1.1 POST https://localhost:7040/api/login application/json;+charset=utf-8 -
2024-07-25 03:45:38.0785|INFO|Microsoft.AspNetCore.Routing.EndpointMiddleware|Executing endpoint 'Web.Api.Controllers.LoginController.Login (Web.Api)'
2024-07-25 03:45:38.0785|INFO|Microsoft.AspNetCore.Mvc.Infrastructure.ControllerActionInvoker|Route matched with {action = "Login", controller = "Login"}. Executing controller action with signature System.Threading.Tasks.Task`1[Microsoft.AspNetCore.Mvc.IActionResult] Login(Web.Models.LoginRequest) on controller Web.Api.Controllers.LoginController (Web.Api).
2024-07-25 03:45:38.2178|INFO|Microsoft.EntityFrameworkCore.Database.Command|Executed DbCommand (55ms) [Parameters=[@__normalizedUserName_0='?' (Size = 256)], CommandType='Text', CommandTimeout='30']
SELECT TOP(1) [a].[Id], [a].[AccessFailedCount], [a].[CompanyId], [a].[ConcurrencyStamp], [a].[Email], [a].[EmailConfirmed], [a].[FirstName], [a].[LastName], [a].[LockoutEnabled], [a].[LockoutEnd], [a].[NormalizedEmail], [a].[NormalizedUserName], [a].[PasswordHash], [a].[PhoneNumber], [a].[PhoneNumberConfirmed], [a].[SecurityStamp], [a].[TwoFactorEnabled], [a].[UserName]
FROM [AspNetUsers] AS [a]
WHERE [a].[NormalizedUserName] = @__normalizedUserName_0
2024-07-25 03:45:38.3674|INFO|Microsoft.EntityFrameworkCore.Database.Command|Executed DbCommand (11ms) [Parameters=[@__normalizedUserName_0='?' (Size = 256)], CommandType='Text', CommandTimeout='30']
SELECT TOP(1) [a].[Id], [a].[AccessFailedCount], [a].[CompanyId], [a].[ConcurrencyStamp], [a].[Email], [a].[EmailConfirmed], [a].[FirstName], [a].[LastName], [a].[LockoutEnabled], [a].[LockoutEnd], [a].[NormalizedEmail], [a].[NormalizedUserName], [a].[PasswordHash], [a].[PhoneNumber], [a].[PhoneNumberConfirmed], [a].[SecurityStamp], [a].[TwoFactorEnabled], [a].[UserName]
FROM [AspNetUsers] AS [a]
WHERE [a].[NormalizedUserName] = @__normalizedUserName_0
2024-07-25 03:45:38.6565|INFO|Microsoft.EntityFrameworkCore.Database.Command|Executed DbCommand (12ms) [Parameters=[@__user_Id_0='?' (DbType = Guid)], CommandType='Text', CommandTimeout='30']
SELECT [a].[Id], [a].[ClaimType], [a].[ClaimValue], [a].[UserId]
FROM [AspNetUserClaims] AS [a]
WHERE [a].[UserId] = @__user_Id_0
2024-07-25 03:45:38.7213|INFO|Microsoft.EntityFrameworkCore.Database.Command|Executed DbCommand (14ms) [Parameters=[@__userId_0='?' (DbType = Guid)], CommandType='Text', CommandTimeout='30']
SELECT [a0].[Name]
FROM [AspNetUserRoles] AS [a]
INNER JOIN [AspNetRoles] AS [a0] ON [a].[RoleId] = [a0].[Id]
WHERE [a].[UserId] = @__userId_0
2024-07-25 03:45:38.7505|INFO|Microsoft.EntityFrameworkCore.Database.Command|Executed DbCommand (13ms) [Parameters=[@__normalizedName_0='?' (Size = 256)], CommandType='Text', CommandTimeout='30']
SELECT TOP(1) [a].[Id], [a].[ConcurrencyStamp], [a].[Description], [a].[Name], [a].[NormalizedName]
FROM [AspNetRoles] AS [a]
WHERE [a].[NormalizedName] = @__normalizedName_0
2024-07-25 03:45:38.7904|INFO|Microsoft.EntityFrameworkCore.Database.Command|Executed DbCommand (14ms) [Parameters=[@__role_Id_0='?' (DbType = Guid)], CommandType='Text', CommandTimeout='30']
SELECT [a].[ClaimType], [a].[ClaimValue]
FROM [AspNetRoleClaims] AS [a]
WHERE [a].[RoleId] = @__role_Id_0
2024-07-25 03:45:38.8157|INFO|Microsoft.AspNetCore.Authentication.Cookies.CookieAuthenticationHandler|AuthenticationScheme: Identity.Application signed in.
2024-07-25 03:45:39.1721|INFO|Microsoft.EntityFrameworkCore.Database.Command|Executed DbCommand (354ms) [Parameters=[@__userId_0='?' (DbType = Guid)], CommandType='Text', CommandTimeout='30']
SELECT [a0].[Name]
FROM [AspNetUserRoles] AS [a]
INNER JOIN [AspNetRoles] AS [a0] ON [a].[RoleId] = [a0].[Id]
WHERE [a].[UserId] = @__userId_0
2024-07-25 03:45:39.2007|INFO|Microsoft.AspNetCore.Mvc.Infrastructure.ObjectResultExecutor|Executing OkObjectResult, writing value of type 'Web.Models.LoginResponse'.
2024-07-25 03:45:39.2007|INFO|Microsoft.AspNetCore.Mvc.Infrastructure.ControllerActionInvoker|Executed action Web.Api.Controllers.LoginController.Login (Web.Api) in 1121.9504ms
2024-07-25 03:45:39.2007|INFO|Microsoft.AspNetCore.Routing.EndpointMiddleware|Executed endpoint 'Web.Api.Controllers.LoginController.Login (Web.Api)'
2024-07-25 03:45:39.2007|INFO|Microsoft.AspNetCore.Hosting.Diagnostics|Request finished HTTP/1.1 POST https://localhost:7040/api/login application/json;+charset=utf-8 - - 200 - application/json;+charset=utf-8 1123.2544ms
2024-07-25 03:45:39.2227|INFO|Microsoft.AspNetCore.Hosting.Diagnostics|Request starting HTTP/1.1 GET https://localhost:7040/api/orders/news?pageNumber=1&pageSize=0 - -
2024-07-25 03:45:39.2540|INFO|Microsoft.AspNetCore.Routing.EndpointMiddleware|Executing endpoint 'Web.Api.Controllers.OrdersController.GetNewOrders (Web.Api)'
2024-07-25 03:45:39.2540|INFO|Microsoft.AspNetCore.Mvc.Infrastructure.ControllerActionInvoker|Route matched with {action = "GetNewOrders", controller = "Orders"}. Executing controller action with signature System.Threading.Tasks.Task`1[Microsoft.AspNetCore.Mvc.IActionResult] GetNewOrders(Web.Models.SeedWork.PagingParameters) on controller Web.Api.Controllers.OrdersController (Web.Api).
2024-07-25 03:45:39.3485|INFO|Microsoft.EntityFrameworkCore.Database.Command|Executed DbCommand (14ms) [Parameters=[@__get_Item_0='?' (DbType = Guid)], CommandType='Text', CommandTimeout='30']
SELECT TOP(1) [a].[Id], [a].[AccessFailedCount], [a].[CompanyId], [a].[ConcurrencyStamp], [a].[Email], [a].[EmailConfirmed], [a].[FirstName], [a].[LastName], [a].[LockoutEnabled], [a].[LockoutEnd], [a].[NormalizedEmail], [a].[NormalizedUserName], [a].[PasswordHash], [a].[PhoneNumber], [a].[PhoneNumberConfirmed], [a].[SecurityStamp], [a].[TwoFactorEnabled], [a].[UserName]
FROM [AspNetUsers] AS [a]
WHERE [a].[Id] = @__get_Item_0
2024-07-25 03:45:39.4223|INFO|Microsoft.EntityFrameworkCore.Database.Command|Executed DbCommand (19ms) [Parameters=[@__CompanyId_0='?' (DbType = Guid)], CommandType='Text', CommandTimeout='30']
SELECT COUNT(*)
FROM [Orders] AS [o]
WHERE [o].[CompanyId] = @__CompanyId_0 AND ([o].[ConfirmDate] IS NULL)
2024-07-25 03:45:39.5056|INFO|Microsoft.AspNetCore.Hosting.Diagnostics|Request starting HTTP/1.1 GET https://localhost:7040/api/orders/news?pageNumber=1&pageSize=0 - -
2024-07-25 03:45:39.5056|INFO|Microsoft.AspNetCore.Routing.EndpointMiddleware|Executing endpoint 'Web.Api.Controllers.OrdersController.GetNewOrders (Web.Api)'
2024-07-25 03:45:39.5056|INFO|Microsoft.AspNetCore.Mvc.Infrastructure.ControllerActionInvoker|Route matched with {action = "GetNewOrders", controller = "Orders"}. Executing controller action with signature System.Threading.Tasks.Task`1[Microsoft.AspNetCore.Mvc.IActionResult] GetNewOrders(Web.Models.SeedWork.PagingParameters) on controller Web.Api.Controllers.OrdersController (Web.Api).
2024-07-25 03:45:39.7947|INFO|Microsoft.EntityFrameworkCore.Database.Command|Executed DbCommand (277ms) [Parameters=[], CommandType='Text', CommandTimeout='30']
SELECT [t].[Id], [t].[CancelDate], [t].[CompanyId], [t].[ConfirmDate], [t].[CreateDate], [t].[CustomerAddress], [t].[CustomerId], [t].[CustomerName], [t].[CustomerPhone], [t].[Note], [t].[ReceiveDate], [t].[SendDate], [c].[Id], [c].[CompanyId], [c].[CustomerAddress], [c].[CustomerName], [c].[CustomerPhone], [o0].[OrderId], [o0].[ProductId], [o0].[Price], [o0].[Properties], [o0].[Quantity]
FROM (
    SELECT [o].[Id], [o].[CancelDate], [o].[CompanyId], [o].[ConfirmDate], [o].[CreateDate], [o].[CustomerAddress], [o].[CustomerId], [o].[CustomerName], [o].[CustomerPhone], [o].[Note], [o].[ReceiveDate], [o].[SendDate]
    FROM [Orders] AS [o]
    WHERE 0 = 1
) AS [t]
INNER JOIN [Customers] AS [c] ON [t].[CustomerId] = [c].[Id]
LEFT JOIN [OrderProducts] AS [o0] ON [t].[Id] = [o0].[OrderId]
ORDER BY [t].[CreateDate] DESC, [t].[Id], [c].[Id], [o0].[OrderId]
2024-07-25 03:45:39.7947|INFO|Microsoft.AspNetCore.Mvc.Infrastructure.ObjectResultExecutor|Executing OkObjectResult, writing value of type 'Web.Models.SeedWork.PagedList`1[[Web.Models.OrderDto, Web.Models, Version=1.0.0.0, Culture=neutral, PublicKeyToken=null]]'.
2024-07-25 03:45:39.8258|INFO|Microsoft.AspNetCore.Mvc.Infrastructure.ControllerActionInvoker|Executed action Web.Api.Controllers.OrdersController.GetNewOrders (Web.Api) in 564.0513ms
2024-07-25 03:45:39.8258|INFO|Microsoft.AspNetCore.Routing.EndpointMiddleware|Executed endpoint 'Web.Api.Controllers.OrdersController.GetNewOrders (Web.Api)'
2024-07-25 03:45:39.8258|INFO|Microsoft.AspNetCore.Hosting.Diagnostics|Request finished HTTP/1.1 GET https://localhost:7040/api/orders/news?pageNumber=1&pageSize=0 - - - 200 - application/json;+charset=utf-8 603.4078ms
2024-07-25 03:45:40.9982|INFO|Microsoft.EntityFrameworkCore.Database.Command|Executed DbCommand (30ms) [Parameters=[@__get_Item_0='?' (DbType = Guid)], CommandType='Text', CommandTimeout='30']
SELECT TOP(1) [a].[Id], [a].[AccessFailedCount], [a].[CompanyId], [a].[ConcurrencyStamp], [a].[Email], [a].[EmailConfirmed], [a].[FirstName], [a].[LastName], [a].[LockoutEnabled], [a].[LockoutEnd], [a].[NormalizedEmail], [a].[NormalizedUserName], [a].[PasswordHash], [a].[PhoneNumber], [a].[PhoneNumberConfirmed], [a].[SecurityStamp], [a].[TwoFactorEnabled], [a].[UserName]
FROM [AspNetUsers] AS [a]
WHERE [a].[Id] = @__get_Item_0
2024-07-25 03:45:41.3314|INFO|Microsoft.EntityFrameworkCore.Database.Command|Executed DbCommand (332ms) [Parameters=[@__CompanyId_0='?' (DbType = Guid)], CommandType='Text', CommandTimeout='30']
SELECT COUNT(*)
FROM [Orders] AS [o]
WHERE [o].[CompanyId] = @__CompanyId_0 AND ([o].[ConfirmDate] IS NULL)
2024-07-25 03:45:41.3444|INFO|Microsoft.EntityFrameworkCore.Database.Command|Executed DbCommand (11ms) [Parameters=[], CommandType='Text', CommandTimeout='30']
SELECT [t].[Id], [t].[CancelDate], [t].[CompanyId], [t].[ConfirmDate], [t].[CreateDate], [t].[CustomerAddress], [t].[CustomerId], [t].[CustomerName], [t].[CustomerPhone], [t].[Note], [t].[ReceiveDate], [t].[SendDate], [c].[Id], [c].[CompanyId], [c].[CustomerAddress], [c].[CustomerName], [c].[CustomerPhone], [o0].[OrderId], [o0].[ProductId], [o0].[Price], [o0].[Properties], [o0].[Quantity]
FROM (
    SELECT [o].[Id], [o].[CancelDate], [o].[CompanyId], [o].[ConfirmDate], [o].[CreateDate], [o].[CustomerAddress], [o].[CustomerId], [o].[CustomerName], [o].[CustomerPhone], [o].[Note], [o].[ReceiveDate], [o].[SendDate]
    FROM [Orders] AS [o]
    WHERE 0 = 1
) AS [t]
INNER JOIN [Customers] AS [c] ON [t].[CustomerId] = [c].[Id]
LEFT JOIN [OrderProducts] AS [o0] ON [t].[Id] = [o0].[OrderId]
ORDER BY [t].[CreateDate] DESC, [t].[Id], [c].[Id], [o0].[OrderId]
2024-07-25 03:45:41.3444|INFO|Microsoft.AspNetCore.Mvc.Infrastructure.ObjectResultExecutor|Executing OkObjectResult, writing value of type 'Web.Models.SeedWork.PagedList`1[[Web.Models.OrderDto, Web.Models, Version=1.0.0.0, Culture=neutral, PublicKeyToken=null]]'.
2024-07-25 03:45:41.3444|INFO|Microsoft.AspNetCore.Mvc.Infrastructure.ControllerActionInvoker|Executed action Web.Api.Controllers.OrdersController.GetNewOrders (Web.Api) in 1837.4423ms
2024-07-25 03:45:41.3444|INFO|Microsoft.AspNetCore.Routing.EndpointMiddleware|Executed endpoint 'Web.Api.Controllers.OrdersController.GetNewOrders (Web.Api)'
2024-07-25 03:45:41.3444|INFO|Microsoft.AspNetCore.Hosting.Diagnostics|Request finished HTTP/1.1 GET https://localhost:7040/api/orders/news?pageNumber=1&pageSize=0 - - - 200 - application/json;+charset=utf-8 1840.2836ms
2024-07-25 03:58:11.3492|INFO|Microsoft.AspNetCore.Hosting.Diagnostics|Request starting HTTP/1.1 GET https://localhost:7040/api/orders/news?pageNumber=1&pageSize=0 - -
2024-07-25 03:58:11.5666|INFO|Microsoft.AspNetCore.Routing.EndpointMiddleware|Executing endpoint 'Web.Api.Controllers.OrdersController.GetNewOrders (Web.Api)'
2024-07-25 03:58:11.5861|INFO|Microsoft.AspNetCore.Mvc.Infrastructure.ControllerActionInvoker|Route matched with {action = "GetNewOrders", controller = "Orders"}. Executing controller action with signature System.Threading.Tasks.Task`1[Microsoft.AspNetCore.Mvc.IActionResult] GetNewOrders(Web.Models.SeedWork.PagingParameters) on controller Web.Api.Controllers.OrdersController (Web.Api).
2024-07-25 03:58:12.1320|INFO|Microsoft.EntityFrameworkCore.Database.Command|Executed DbCommand (30ms) [Parameters=[@__get_Item_0='?' (DbType = Guid)], CommandType='Text', CommandTimeout='30']
SELECT TOP(1) [a].[Id], [a].[AccessFailedCount], [a].[CompanyId], [a].[ConcurrencyStamp], [a].[Email], [a].[EmailConfirmed], [a].[FirstName], [a].[LastName], [a].[LockoutEnabled], [a].[LockoutEnd], [a].[NormalizedEmail], [a].[NormalizedUserName], [a].[PasswordHash], [a].[PhoneNumber], [a].[PhoneNumberConfirmed], [a].[SecurityStamp], [a].[TwoFactorEnabled], [a].[UserName]
FROM [AspNetUsers] AS [a]
WHERE [a].[Id] = @__get_Item_0
2024-07-25 03:58:12.2482|INFO|Microsoft.EntityFrameworkCore.Database.Command|Executed DbCommand (29ms) [Parameters=[@__CompanyId_0='?' (DbType = Guid)], CommandType='Text', CommandTimeout='30']
SELECT COUNT(*)
FROM [Orders] AS [o]
WHERE [o].[CompanyId] = @__CompanyId_0 AND ([o].[ConfirmDate] IS NULL)
2024-07-25 03:58:12.3085|INFO|Microsoft.EntityFrameworkCore.Database.Command|Executed DbCommand (35ms) [Parameters=[], CommandType='Text', CommandTimeout='30']
SELECT [t].[Id], [t].[CancelDate], [t].[CompanyId], [t].[ConfirmDate], [t].[CreateDate], [t].[CustomerAddress], [t].[CustomerId], [t].[CustomerName], [t].[CustomerPhone], [t].[Note], [t].[ReceiveDate], [t].[SendDate], [c].[Id], [c].[CompanyId], [c].[CustomerAddress], [c].[CustomerName], [c].[CustomerPhone], [o0].[OrderId], [o0].[ProductId], [o0].[Price], [o0].[Properties], [o0].[Quantity]
FROM (
    SELECT [o].[Id], [o].[CancelDate], [o].[CompanyId], [o].[ConfirmDate], [o].[CreateDate], [o].[CustomerAddress], [o].[CustomerId], [o].[CustomerName], [o].[CustomerPhone], [o].[Note], [o].[ReceiveDate], [o].[SendDate]
    FROM [Orders] AS [o]
    WHERE 0 = 1
) AS [t]
INNER JOIN [Customers] AS [c] ON [t].[CustomerId] = [c].[Id]
LEFT JOIN [OrderProducts] AS [o0] ON [t].[Id] = [o0].[OrderId]
ORDER BY [t].[CreateDate] DESC, [t].[Id], [c].[Id], [o0].[OrderId]
2024-07-25 03:58:12.3258|INFO|Microsoft.AspNetCore.Mvc.Infrastructure.ObjectResultExecutor|Executing OkObjectResult, writing value of type 'Web.Models.SeedWork.PagedList`1[[Web.Models.OrderDto, Web.Models, Version=1.0.0.0, Culture=neutral, PublicKeyToken=null]]'.
2024-07-25 03:58:12.3508|INFO|Microsoft.AspNetCore.Mvc.Infrastructure.ControllerActionInvoker|Executed action Web.Api.Controllers.OrdersController.GetNewOrders (Web.Api) in 763.5571ms
2024-07-25 03:58:12.3508|INFO|Microsoft.AspNetCore.Routing.EndpointMiddleware|Executed endpoint 'Web.Api.Controllers.OrdersController.GetNewOrders (Web.Api)'
2024-07-25 03:58:12.3508|INFO|Microsoft.AspNetCore.Hosting.Diagnostics|Request finished HTTP/1.1 GET https://localhost:7040/api/orders/news?pageNumber=1&pageSize=0 - - - 200 - application/json;+charset=utf-8 1010.7034ms
2024-07-25 08:18:33.9029|INFO|Web.Api.Data.WebDbContext|Migrating database associated with context WebDbContext
2024-07-25 08:18:34.9342|WARN|Microsoft.EntityFrameworkCore.Model.Validation|No store type was specified for the decimal property 'Discount' on entity type 'ItemProduct'. This will cause values to be silently truncated if they do not fit in the default precision and scale. Explicitly specify the SQL server column type that can accommodate all the values in 'OnModelCreating' using 'HasColumnType', specify precision and scale using 'HasPrecision', or configure a value converter using 'HasConversion'.
2024-07-25 08:18:34.9378|WARN|Microsoft.EntityFrameworkCore.Model.Validation|No store type was specified for the decimal property 'Price' on entity type 'ItemProduct'. This will cause values to be silently truncated if they do not fit in the default precision and scale. Explicitly specify the SQL server column type that can accommodate all the values in 'OnModelCreating' using 'HasColumnType', specify precision and scale using 'HasPrecision', or configure a value converter using 'HasConversion'.
2024-07-25 08:18:34.9378|WARN|Microsoft.EntityFrameworkCore.Model.Validation|No store type was specified for the decimal property 'Price' on entity type 'ItemProductAddOn'. This will cause values to be silently truncated if they do not fit in the default precision and scale. Explicitly specify the SQL server column type that can accommodate all the values in 'OnModelCreating' using 'HasColumnType', specify precision and scale using 'HasPrecision', or configure a value converter using 'HasConversion'.
2024-07-25 08:18:34.9378|WARN|Microsoft.EntityFrameworkCore.Model.Validation|No store type was specified for the decimal property 'Price' on entity type 'ItemProductGroupon'. This will cause values to be silently truncated if they do not fit in the default precision and scale. Explicitly specify the SQL server column type that can accommodate all the values in 'OnModelCreating' using 'HasColumnType', specify precision and scale using 'HasPrecision', or configure a value converter using 'HasConversion'.
2024-07-25 08:18:34.9378|WARN|Microsoft.EntityFrameworkCore.Model.Validation|No store type was specified for the decimal property 'DeliveryFee' on entity type 'OrderDelivery'. This will cause values to be silently truncated if they do not fit in the default precision and scale. Explicitly specify the SQL server column type that can accommodate all the values in 'OnModelCreating' using 'HasColumnType', specify precision and scale using 'HasPrecision', or configure a value converter using 'HasConversion'.
2024-07-25 08:18:34.9378|WARN|Microsoft.EntityFrameworkCore.Model.Validation|No store type was specified for the decimal property 'Price' on entity type 'OrderProduct'. This will cause values to be silently truncated if they do not fit in the default precision and scale. Explicitly specify the SQL server column type that can accommodate all the values in 'OnModelCreating' using 'HasColumnType', specify precision and scale using 'HasPrecision', or configure a value converter using 'HasConversion'.
2024-07-25 08:18:34.9378|WARN|Microsoft.EntityFrameworkCore.Model.Validation|No store type was specified for the decimal property 'TotalPrice' on entity type 'WarehouseInput'. This will cause values to be silently truncated if they do not fit in the default precision and scale. Explicitly specify the SQL server column type that can accommodate all the values in 'OnModelCreating' using 'HasColumnType', specify precision and scale using 'HasPrecision', or configure a value converter using 'HasConversion'.
2024-07-25 08:18:34.9378|WARN|Microsoft.EntityFrameworkCore.Model.Validation|No store type was specified for the decimal property 'Price' on entity type 'WarehouseInputProduct'. This will cause values to be silently truncated if they do not fit in the default precision and scale. Explicitly specify the SQL server column type that can accommodate all the values in 'OnModelCreating' using 'HasColumnType', specify precision and scale using 'HasPrecision', or configure a value converter using 'HasConversion'.
2024-07-25 08:18:34.9378|WARN|Microsoft.EntityFrameworkCore.Model.Validation|No store type was specified for the decimal property 'Price' on entity type 'WarehouseOutputProductDetail'. This will cause values to be silently truncated if they do not fit in the default precision and scale. Explicitly specify the SQL server column type that can accommodate all the values in 'OnModelCreating' using 'HasColumnType', specify precision and scale using 'HasPrecision', or configure a value converter using 'HasConversion'.
2024-07-25 08:18:35.6474|INFO|Microsoft.EntityFrameworkCore.Database.Command|Executed DbCommand (26ms) [Parameters=[], CommandType='Text', CommandTimeout='30']
SELECT 1
2024-07-25 08:18:35.7298|INFO|Microsoft.EntityFrameworkCore.Database.Command|Executed DbCommand (72ms) [Parameters=[], CommandType='Text', CommandTimeout='30']
SELECT OBJECT_ID(N'[__EFMigrationsHistory]');
2024-07-25 08:18:35.7543|INFO|Microsoft.EntityFrameworkCore.Database.Command|Executed DbCommand (23ms) [Parameters=[], CommandType='Text', CommandTimeout='30']
SELECT 1
2024-07-25 08:18:35.7743|INFO|Microsoft.EntityFrameworkCore.Database.Command|Executed DbCommand (19ms) [Parameters=[], CommandType='Text', CommandTimeout='30']
SELECT OBJECT_ID(N'[__EFMigrationsHistory]');
2024-07-25 08:18:35.8138|INFO|Microsoft.EntityFrameworkCore.Database.Command|Executed DbCommand (14ms) [Parameters=[], CommandType='Text', CommandTimeout='30']
SELECT [MigrationId], [ProductVersion]
FROM [__EFMigrationsHistory]
ORDER BY [MigrationId];
2024-07-25 08:18:35.9205|INFO|Microsoft.EntityFrameworkCore.Migrations|No migrations were applied. The database is already up to date.
2024-07-25 08:18:36.2700|INFO|Microsoft.EntityFrameworkCore.Database.Command|Executed DbCommand (14ms) [Parameters=[], CommandType='Text', CommandTimeout='30']
SELECT CASE
    WHEN EXISTS (
        SELECT 1
        FROM [Languages] AS [l]) THEN CAST(1 AS bit)
    ELSE CAST(0 AS bit)
END
2024-07-25 08:18:36.3017|INFO|Microsoft.EntityFrameworkCore.Database.Command|Executed DbCommand (25ms) [Parameters=[], CommandType='Text', CommandTimeout='30']
SELECT CASE
    WHEN EXISTS (
        SELECT 1
        FROM [Companies] AS [c]) THEN CAST(1 AS bit)
    ELSE CAST(0 AS bit)
END
2024-07-25 08:18:36.3567|INFO|Microsoft.EntityFrameworkCore.Database.Command|Executed DbCommand (52ms) [Parameters=[], CommandType='Text', CommandTimeout='30']
SELECT CASE
    WHEN EXISTS (
        SELECT 1
        FROM [AspNetUsers] AS [a]) THEN CAST(1 AS bit)
    ELSE CAST(0 AS bit)
END
2024-07-25 08:18:36.4167|INFO|Microsoft.EntityFrameworkCore.Database.Command|Executed DbCommand (8ms) [Parameters=[], CommandType='Text', CommandTimeout='30']
SELECT CASE
    WHEN EXISTS (
        SELECT 1
        FROM [AspNetRoles] AS [a]
        WHERE [a].[Name] = N'Product') THEN CAST(1 AS bit)
    ELSE CAST(0 AS bit)
END
2024-07-25 08:18:36.4167|INFO|Microsoft.EntityFrameworkCore.Database.Command|Executed DbCommand (7ms) [Parameters=[], CommandType='Text', CommandTimeout='30']
SELECT CASE
    WHEN EXISTS (
        SELECT 1
        FROM [AspNetRoles] AS [a]
        WHERE [a].[Name] = N'Admin') THEN CAST(1 AS bit)
    ELSE CAST(0 AS bit)
END
2024-07-25 08:18:36.4388|INFO|Microsoft.EntityFrameworkCore.Database.Command|Executed DbCommand (8ms) [Parameters=[], CommandType='Text', CommandTimeout='30']
SELECT CASE
    WHEN EXISTS (
        SELECT 1
        FROM [AspNetRoles] AS [a]
        WHERE [a].[Name] = N'Document') THEN CAST(1 AS bit)
    ELSE CAST(0 AS bit)
END
2024-07-25 08:18:36.4496|INFO|Microsoft.EntityFrameworkCore.Database.Command|Executed DbCommand (8ms) [Parameters=[], CommandType='Text', CommandTimeout='30']
SELECT CASE
    WHEN EXISTS (
        SELECT 1
        FROM [AspNetRoles] AS [a]
        WHERE [a].[Name] = N'Video') THEN CAST(1 AS bit)
    ELSE CAST(0 AS bit)
END
2024-07-25 08:18:36.4496|INFO|Microsoft.EntityFrameworkCore.Database.Command|Executed DbCommand (6ms) [Parameters=[], CommandType='Text', CommandTimeout='30']
SELECT CASE
    WHEN EXISTS (
        SELECT 1
        FROM [AspNetRoles] AS [a]
        WHERE [a].[Name] = N'Picture') THEN CAST(1 AS bit)
    ELSE CAST(0 AS bit)
END
2024-07-25 08:18:36.4704|INFO|Microsoft.EntityFrameworkCore.Database.Command|Executed DbCommand (9ms) [Parameters=[], CommandType='Text', CommandTimeout='30']
SELECT CASE
    WHEN EXISTS (
        SELECT 1
        FROM [AspNetRoles] AS [a]
        WHERE [a].[Name] = N'Audio') THEN CAST(1 AS bit)
    ELSE CAST(0 AS bit)
END
2024-07-25 08:18:36.4814|INFO|Microsoft.EntityFrameworkCore.Database.Command|Executed DbCommand (8ms) [Parameters=[], CommandType='Text', CommandTimeout='30']
SELECT CASE
    WHEN EXISTS (
        SELECT 1
        FROM [AspNetRoles] AS [a]
        WHERE [a].[Name] = N'Event') THEN CAST(1 AS bit)
    ELSE CAST(0 AS bit)
END
2024-07-25 08:18:36.4814|INFO|Web.Api.Data.WebDbContext|Migrated database associated with context WebDbContext
2024-07-25 08:18:36.7473|INFO|Microsoft.AspNetCore.DataProtection.KeyManagement.XmlKeyManager|User profile is available. Using 'C:\Users\itel\AppData\Local\ASP.NET\DataProtection-Keys' as key repository and Windows DPAPI to encrypt keys at rest.
2024-07-25 08:18:37.0558|INFO|Microsoft.Hosting.Lifetime|Now listening on: https://localhost:7040
2024-07-25 08:18:37.0558|INFO|Microsoft.Hosting.Lifetime|Now listening on: http://localhost:5078
2024-07-25 08:18:37.0558|INFO|Microsoft.Hosting.Lifetime|Application started. Press Ctrl+C to shut down.
2024-07-25 08:18:37.0558|INFO|Microsoft.Hosting.Lifetime|Hosting environment: Development
2024-07-25 08:18:37.0558|INFO|Microsoft.Hosting.Lifetime|Content root path: D:\Working\DybiWeb\DybiCMS\Web.Api
2024-07-25 08:18:41.5755|INFO|Microsoft.AspNetCore.Hosting.Diagnostics|Request starting HTTP/2 GET https://localhost:7040/swagger/index.html - -
2024-07-25 08:18:41.9610|INFO|Microsoft.AspNetCore.Hosting.Diagnostics|Request finished HTTP/2 GET https://localhost:7040/swagger/index.html - - - 200 - text/html;charset=utf-8 389.1815ms
2024-07-25 08:18:41.9825|INFO|Microsoft.AspNetCore.Hosting.Diagnostics|Request starting HTTP/2 GET https://localhost:7040/_framework/aspnetcore-browser-refresh.js - -
2024-07-25 08:18:41.9825|INFO|Microsoft.AspNetCore.Hosting.Diagnostics|Request finished HTTP/2 GET https://localhost:7040/_framework/aspnetcore-browser-refresh.js - - - 200 13750 application/javascript;+charset=utf-8 7.7222ms
2024-07-25 08:18:42.0952|INFO|Microsoft.AspNetCore.Hosting.Diagnostics|Request starting HTTP/2 GET https://localhost:7040/_vs/browserLink - -
2024-07-25 08:18:42.1767|INFO|Microsoft.AspNetCore.Hosting.Diagnostics|Request finished HTTP/2 GET https://localhost:7040/_vs/browserLink - - - 200 - text/javascript;+charset=UTF-8 81.4807ms
2024-07-25 08:18:42.4856|INFO|Microsoft.AspNetCore.Hosting.Diagnostics|Request starting HTTP/2 GET https://localhost:7040/swagger/v1/swagger.json - -
2024-07-25 08:18:42.7559|INFO|Microsoft.AspNetCore.Hosting.Diagnostics|Request finished HTTP/2 GET https://localhost:7040/swagger/v1/swagger.json - - - 200 - application/json;charset=utf-8 270.2151ms
2024-07-25 08:19:29.2744|INFO|Microsoft.AspNetCore.Hosting.Diagnostics|Request starting HTTP/1.1 GET https://localhost:7040/api/orders/news?pageNumber=1&pageSize=0 - -
2024-07-25 08:19:29.7861|INFO|Microsoft.AspNetCore.Routing.EndpointMiddleware|Executing endpoint 'Web.Api.Controllers.OrdersController.GetNewOrders (Web.Api)'
2024-07-25 08:19:29.8216|INFO|Microsoft.AspNetCore.Mvc.Infrastructure.ControllerActionInvoker|Route matched with {action = "GetNewOrders", controller = "Orders"}. Executing controller action with signature System.Threading.Tasks.Task`1[Microsoft.AspNetCore.Mvc.IActionResult] GetNewOrders(Web.Models.SeedWork.PagingParameters) on controller Web.Api.Controllers.OrdersController (Web.Api).
2024-07-25 08:19:30.2185|INFO|Microsoft.EntityFrameworkCore.Database.Command|Executed DbCommand (81ms) [Parameters=[@__get_Item_0='?' (DbType = Guid)], CommandType='Text', CommandTimeout='30']
SELECT TOP(1) [a].[Id], [a].[AccessFailedCount], [a].[CompanyId], [a].[ConcurrencyStamp], [a].[Email], [a].[EmailConfirmed], [a].[FirstName], [a].[LastName], [a].[LockoutEnabled], [a].[LockoutEnd], [a].[NormalizedEmail], [a].[NormalizedUserName], [a].[PasswordHash], [a].[PhoneNumber], [a].[PhoneNumberConfirmed], [a].[SecurityStamp], [a].[TwoFactorEnabled], [a].[UserName]
FROM [AspNetUsers] AS [a]
WHERE [a].[Id] = @__get_Item_0
2024-07-25 08:19:30.4906|INFO|Microsoft.EntityFrameworkCore.Database.Command|Executed DbCommand (17ms) [Parameters=[@__CompanyId_0='?' (DbType = Guid)], CommandType='Text', CommandTimeout='30']
SELECT COUNT(*)
FROM [Orders] AS [o]
WHERE [o].[CompanyId] = @__CompanyId_0 AND ([o].[ConfirmDate] IS NULL)
2024-07-25 08:19:30.6514|INFO|Microsoft.EntityFrameworkCore.Database.Command|Executed DbCommand (32ms) [Parameters=[], CommandType='Text', CommandTimeout='30']
SELECT [t].[Id], [t].[CancelDate], [t].[CompanyId], [t].[ConfirmDate], [t].[CreateDate], [t].[CustomerAddress], [t].[CustomerId], [t].[CustomerName], [t].[CustomerPhone], [t].[Note], [t].[ReceiveDate], [t].[SendDate], [c].[Id], [c].[CompanyId], [c].[CustomerAddress], [c].[CustomerName], [c].[CustomerPhone], [o0].[OrderId], [o0].[ProductId], [o0].[Price], [o0].[Properties], [o0].[Quantity]
FROM (
    SELECT [o].[Id], [o].[CancelDate], [o].[CompanyId], [o].[ConfirmDate], [o].[CreateDate], [o].[CustomerAddress], [o].[CustomerId], [o].[CustomerName], [o].[CustomerPhone], [o].[Note], [o].[ReceiveDate], [o].[SendDate]
    FROM [Orders] AS [o]
    WHERE 0 = 1
) AS [t]
INNER JOIN [Customers] AS [c] ON [t].[CustomerId] = [c].[Id]
LEFT JOIN [OrderProducts] AS [o0] ON [t].[Id] = [o0].[OrderId]
ORDER BY [t].[CreateDate] DESC, [t].[Id], [c].[Id], [o0].[OrderId]
2024-07-25 08:19:30.6870|INFO|Microsoft.AspNetCore.Mvc.Infrastructure.ObjectResultExecutor|Executing OkObjectResult, writing value of type 'Web.Models.SeedWork.PagedList`1[[Web.Models.OrderDto, Web.Models, Version=1.0.0.0, Culture=neutral, PublicKeyToken=null]]'.
2024-07-25 08:19:30.7479|INFO|Microsoft.AspNetCore.Mvc.Infrastructure.ControllerActionInvoker|Executed action Web.Api.Controllers.OrdersController.GetNewOrders (Web.Api) in 919.1024ms
2024-07-25 08:19:30.7479|INFO|Microsoft.AspNetCore.Routing.EndpointMiddleware|Executed endpoint 'Web.Api.Controllers.OrdersController.GetNewOrders (Web.Api)'
2024-07-25 08:19:30.7479|INFO|Microsoft.AspNetCore.Hosting.Diagnostics|Request finished HTTP/1.1 GET https://localhost:7040/api/orders/news?pageNumber=1&pageSize=0 - - - 200 - application/json;+charset=utf-8 1487.7650ms
2024-07-25 08:22:47.0230|INFO|Microsoft.AspNetCore.Hosting.Diagnostics|Request starting HTTP/1.1 GET https://localhost:7040/api/orders/news?pageNumber=1&pageSize=0 - -
2024-07-25 08:22:47.0346|INFO|Microsoft.AspNetCore.Routing.EndpointMiddleware|Executing endpoint 'Web.Api.Controllers.OrdersController.GetNewOrders (Web.Api)'
2024-07-25 08:22:47.0346|INFO|Microsoft.AspNetCore.Mvc.Infrastructure.ControllerActionInvoker|Route matched with {action = "GetNewOrders", controller = "Orders"}. Executing controller action with signature System.Threading.Tasks.Task`1[Microsoft.AspNetCore.Mvc.IActionResult] GetNewOrders(Web.Models.SeedWork.PagingParameters) on controller Web.Api.Controllers.OrdersController (Web.Api).
2024-07-25 08:22:47.1488|INFO|Microsoft.EntityFrameworkCore.Database.Command|Executed DbCommand (22ms) [Parameters=[@__get_Item_0='?' (DbType = Guid)], CommandType='Text', CommandTimeout='30']
SELECT TOP(1) [a].[Id], [a].[AccessFailedCount], [a].[CompanyId], [a].[ConcurrencyStamp], [a].[Email], [a].[EmailConfirmed], [a].[FirstName], [a].[LastName], [a].[LockoutEnabled], [a].[LockoutEnd], [a].[NormalizedEmail], [a].[NormalizedUserName], [a].[PasswordHash], [a].[PhoneNumber], [a].[PhoneNumberConfirmed], [a].[SecurityStamp], [a].[TwoFactorEnabled], [a].[UserName]
FROM [AspNetUsers] AS [a]
WHERE [a].[Id] = @__get_Item_0
2024-07-25 08:22:47.2188|INFO|Microsoft.EntityFrameworkCore.Database.Command|Executed DbCommand (67ms) [Parameters=[@__CompanyId_0='?' (DbType = Guid)], CommandType='Text', CommandTimeout='30']
SELECT COUNT(*)
FROM [Orders] AS [o]
WHERE [o].[CompanyId] = @__CompanyId_0 AND ([o].[ConfirmDate] IS NULL)
2024-07-25 08:22:47.2527|INFO|Microsoft.EntityFrameworkCore.Database.Command|Executed DbCommand (31ms) [Parameters=[], CommandType='Text', CommandTimeout='30']
SELECT [t].[Id], [t].[CancelDate], [t].[CompanyId], [t].[ConfirmDate], [t].[CreateDate], [t].[CustomerAddress], [t].[CustomerId], [t].[CustomerName], [t].[CustomerPhone], [t].[Note], [t].[ReceiveDate], [t].[SendDate], [c].[Id], [c].[CompanyId], [c].[CustomerAddress], [c].[CustomerName], [c].[CustomerPhone], [o0].[OrderId], [o0].[ProductId], [o0].[Price], [o0].[Properties], [o0].[Quantity]
FROM (
    SELECT [o].[Id], [o].[CancelDate], [o].[CompanyId], [o].[ConfirmDate], [o].[CreateDate], [o].[CustomerAddress], [o].[CustomerId], [o].[CustomerName], [o].[CustomerPhone], [o].[Note], [o].[ReceiveDate], [o].[SendDate]
    FROM [Orders] AS [o]
    WHERE 0 = 1
) AS [t]
INNER JOIN [Customers] AS [c] ON [t].[CustomerId] = [c].[Id]
LEFT JOIN [OrderProducts] AS [o0] ON [t].[Id] = [o0].[OrderId]
ORDER BY [t].[CreateDate] DESC, [t].[Id], [c].[Id], [o0].[OrderId]
2024-07-25 08:22:47.2527|INFO|Microsoft.AspNetCore.Mvc.Infrastructure.ObjectResultExecutor|Executing OkObjectResult, writing value of type 'Web.Models.SeedWork.PagedList`1[[Web.Models.OrderDto, Web.Models, Version=1.0.0.0, Culture=neutral, PublicKeyToken=null]]'.
2024-07-25 08:22:47.2527|INFO|Microsoft.AspNetCore.Mvc.Infrastructure.ControllerActionInvoker|Executed action Web.Api.Controllers.OrdersController.GetNewOrders (Web.Api) in 219.4943ms
2024-07-25 08:22:47.2527|INFO|Microsoft.AspNetCore.Routing.EndpointMiddleware|Executed endpoint 'Web.Api.Controllers.OrdersController.GetNewOrders (Web.Api)'
2024-07-25 08:22:47.2527|INFO|Microsoft.AspNetCore.Hosting.Diagnostics|Request finished HTTP/1.1 GET https://localhost:7040/api/orders/news?pageNumber=1&pageSize=0 - - - 200 - application/json;+charset=utf-8 232.2678ms
2024-07-25 08:31:35.9359|INFO|Microsoft.AspNetCore.Hosting.Diagnostics|Request starting HTTP/1.1 GET https://localhost:7040/api/orders/news?pageNumber=1&pageSize=0 - -
2024-07-25 08:31:35.9494|INFO|Microsoft.AspNetCore.Routing.EndpointMiddleware|Executing endpoint 'Web.Api.Controllers.OrdersController.GetNewOrders (Web.Api)'
2024-07-25 08:31:35.9494|INFO|Microsoft.AspNetCore.Mvc.Infrastructure.ControllerActionInvoker|Route matched with {action = "GetNewOrders", controller = "Orders"}. Executing controller action with signature System.Threading.Tasks.Task`1[Microsoft.AspNetCore.Mvc.IActionResult] GetNewOrders(Web.Models.SeedWork.PagingParameters) on controller Web.Api.Controllers.OrdersController (Web.Api).
2024-07-25 08:31:36.0709|INFO|Microsoft.EntityFrameworkCore.Database.Command|Executed DbCommand (11ms) [Parameters=[@__get_Item_0='?' (DbType = Guid)], CommandType='Text', CommandTimeout='30']
SELECT TOP(1) [a].[Id], [a].[AccessFailedCount], [a].[CompanyId], [a].[ConcurrencyStamp], [a].[Email], [a].[EmailConfirmed], [a].[FirstName], [a].[LastName], [a].[LockoutEnabled], [a].[LockoutEnd], [a].[NormalizedEmail], [a].[NormalizedUserName], [a].[PasswordHash], [a].[PhoneNumber], [a].[PhoneNumberConfirmed], [a].[SecurityStamp], [a].[TwoFactorEnabled], [a].[UserName]
FROM [AspNetUsers] AS [a]
WHERE [a].[Id] = @__get_Item_0
2024-07-25 08:31:36.0709|INFO|Microsoft.EntityFrameworkCore.Database.Command|Executed DbCommand (8ms) [Parameters=[@__CompanyId_0='?' (DbType = Guid)], CommandType='Text', CommandTimeout='30']
SELECT COUNT(*)
FROM [Orders] AS [o]
WHERE [o].[CompanyId] = @__CompanyId_0 AND ([o].[ConfirmDate] IS NULL)
2024-07-25 08:31:36.1115|INFO|Microsoft.EntityFrameworkCore.Database.Command|Executed DbCommand (30ms) [Parameters=[], CommandType='Text', CommandTimeout='30']
SELECT [t].[Id], [t].[CancelDate], [t].[CompanyId], [t].[ConfirmDate], [t].[CreateDate], [t].[CustomerAddress], [t].[CustomerId], [t].[CustomerName], [t].[CustomerPhone], [t].[Note], [t].[ReceiveDate], [t].[SendDate], [c].[Id], [c].[CompanyId], [c].[CustomerAddress], [c].[CustomerName], [c].[CustomerPhone], [o0].[OrderId], [o0].[ProductId], [o0].[Price], [o0].[Properties], [o0].[Quantity]
FROM (
    SELECT [o].[Id], [o].[CancelDate], [o].[CompanyId], [o].[ConfirmDate], [o].[CreateDate], [o].[CustomerAddress], [o].[CustomerId], [o].[CustomerName], [o].[CustomerPhone], [o].[Note], [o].[ReceiveDate], [o].[SendDate]
    FROM [Orders] AS [o]
    WHERE 0 = 1
) AS [t]
INNER JOIN [Customers] AS [c] ON [t].[CustomerId] = [c].[Id]
LEFT JOIN [OrderProducts] AS [o0] ON [t].[Id] = [o0].[OrderId]
ORDER BY [t].[CreateDate] DESC, [t].[Id], [c].[Id], [o0].[OrderId]
2024-07-25 08:31:36.1115|INFO|Microsoft.AspNetCore.Mvc.Infrastructure.ObjectResultExecutor|Executing OkObjectResult, writing value of type 'Web.Models.SeedWork.PagedList`1[[Web.Models.OrderDto, Web.Models, Version=1.0.0.0, Culture=neutral, PublicKeyToken=null]]'.
2024-07-25 08:31:36.1115|INFO|Microsoft.AspNetCore.Mvc.Infrastructure.ControllerActionInvoker|Executed action Web.Api.Controllers.OrdersController.GetNewOrders (Web.Api) in 161.0165ms
2024-07-25 08:31:36.1115|INFO|Microsoft.AspNetCore.Routing.EndpointMiddleware|Executed endpoint 'Web.Api.Controllers.OrdersController.GetNewOrders (Web.Api)'
2024-07-25 08:31:36.1115|INFO|Microsoft.AspNetCore.Hosting.Diagnostics|Request finished HTTP/1.1 GET https://localhost:7040/api/orders/news?pageNumber=1&pageSize=0 - - - 200 - application/json;+charset=utf-8 176.7806ms
